2016-03-22 16:22:31 Error: [Cake\Database\Exception] SQLSTATE[42S02]: Base table or view not found: 1146 Table 'cakedemo.admin' doesn't exist
Stack Trace:
#0 F:\www\ckdemo\vendor\cakephp\cakephp\src\Database\Schema\Collection.php(96): Cake\Database\Schema\Collection->_reflect('Column', 'admin', Array, Object(Cake\Database\Schema\Table))
#1 F:\www\ckdemo\vendor\cakephp\cakephp\src\Database\Schema\CachedCollection.php(64): Cake\Database\Schema\Collection->describe('admin', Array)
#2 F:\www\ckdemo\vendor\cakephp\cakephp\src\ORM\Table.php(429): Cake\Database\Schema\CachedCollection->describe('admin')
#3 F:\www\ckdemo\vendor\cakephp\cakephp\src\ORM\Table.php(505): Cake\ORM\Table->schema()
#4 F:\www\ckdemo\vendor\cakephp\cakephp\src\ORM\Table.php(1422): Cake\ORM\Table->primaryKey()
#5 F:\www\ckdemo\vendor\cakephp\cakephp\src\ORM\Table.php(1391): Cake\ORM\Table->_processSave(Object(Cake\ORM\Entity), Object(ArrayObject))
#6 F:\www\ckdemo\vendor\cakephp\cakephp\src\Database\Connection.php(557): Cake\ORM\Table->Cake\ORM\{closure}(Object(Cake\Database\Connection))
#7 F:\www\ckdemo\vendor\cakephp\cakephp\src\ORM\Table.php(1392): Cake\Database\Connection->transactional(Object(Closure))
#8 F:\www\ckdemo\plugins\Wpadmin\src\Shell\AdminShell.php(36): Cake\ORM\Table->save(Object(Cake\ORM\Entity))
#9 [internal function]: Wpadmin\Shell\AdminShell->createSuperAdmin()
#10 F:\www\ckdemo\vendor\cakephp\cakephp\src\Console\Shell.php(439): call_user_func_array(Array, Array)
#11 F:\www\ckdemo\vendor\cakephp\cakephp\src\Console\ShellDispatcher.php(217): Cake\Console\Shell->runCommand(Array, true, Array)
#12 F:\www\ckdemo\vendor\cakephp\cakephp\src\Console\ShellDispatcher.php(181): Cake\Console\ShellDispatcher->_dispatch(Array)
#13 F:\www\ckdemo\vendor\cakephp\cakephp\src\Console\ShellDispatcher.php(127): Cake\Console\ShellDispatcher->dispatch(Array)
#14 F:\www\ckdemo\bin\cake.php(33): Cake\Console\ShellDispatcher::run(Array)
#15 {main}


2016-03-22 18:22:36 Error: [Cake\Console\Exception\MissingShellException] Shell class for "MigrationSnop" could not be found.
Exception Attributes: array (
  'class' => 'MigrationSnop',
)
Stack Trace:
#0 F:\www\ckdemo\vendor\cakephp\cakephp\src\Console\ShellDispatcher.php(214): Cake\Console\ShellDispatcher->findShell('migration_snop')
#1 F:\www\ckdemo\vendor\cakephp\cakephp\src\Console\ShellDispatcher.php(181): Cake\Console\ShellDispatcher->_dispatch(Array)
#2 F:\www\ckdemo\vendor\cakephp\cakephp\src\Console\ShellDispatcher.php(127): Cake\Console\ShellDispatcher->dispatch(Array)
#3 F:\www\ckdemo\bin\cake.php(33): Cake\Console\ShellDispatcher::run(Array)
#4 {main}


